<?xml version="1.0" encoding="UTF-8"?>
<testsuite name="HeroTest" tests="5" skipped="0" failures="0" errors="0" timestamp="2019-05-22T07:29:26" hostname="peter-HP-EliteBook-8460p" time="0.004">
  <properties/>
  <testcase name="hero_instantiatesCorrectly_true" classname="HeroTest" time="0.002"/>
  <testcase name="hero_instantiatesWithSize_String" classname="HeroTest" time="0.0"/>
  <testcase name="hero_instantiatesWithGroup_String" classname="HeroTest" time="0.0"/>
  <testcase name="hero_instantiatesWithLPersonal_String" classname="HeroTest" time="0.0"/>
  <testcase name="hero_instantiatesWithName_String" classname="HeroTest" time="0.0"/>
  <system-out><![CDATA[]]></system-out>
  <system-err><![CDATA[]]></system-err>
</testsuite>
